Memory Plan Review — 2026-03-31T20:00:01.689996
Tests: 0/0 passed
  All tests passing
Memory: 42 notes, 25 entities indexed
  Test error: invalid literal for int() with base 10: ''

Next action: Tests failed but no specific phase identified — run test suite manually
Memory Plan Review — 2026-03-31T20:30:01.552072
Tests: 28/28 passed
  All tests passing
Memory: 42 notes, 25 entities indexed

PRD: {'1': 'Entity Indexing ✅\n| Requirement | Test |\n|---|---|\n| Entity extraction from note content | `extract_all()` returns correct entities for known CVE, actor, tool, campaign, sector text |\n| Entity index p', '2': 'Entity-Guided Linking ✅\n| Requirement | Test |\n|---|---|\n| Link generator uses entity index for candidates | New note about actor links to existing actor notes |\n| Prioritized candidates include entit', '3': 'Date-Aware Retrieval ⚪\n| Requirement | Test |\n|---|---|\n| Supersedes tracking | Newer note on same entity marks older as superseded |\n| Retrieval excludes superseded notes | `recall()` filters out not', '4': 'Mid-Session Snapshot Refresh ⚪\n| Requirement | Test |\n|---|---|\n| Snapshot reflects recent saves | Calling `get_snapshot()` after `remember()` returns updated notes |\n| Fresh snapshot on recall | `rec', '5': 'Cold Archive ⚪\n| Requirement | Test |\n|---|---|\n| Low-confidence notes archived | Notes with confidence < 0.3 and access_count == 0 for > 30 days archived |\n| Archived notes excluded from active recal'}

Next action: ALL PHASES COMPLETE — PRD fully commissioned
Memory Plan Review — 2026-03-31T21:00:01.904959
Tests: 33/33 passed
  All tests passing
Memory: 42 notes, 25 entities indexed

PRD: {'1': '✅ Entity Indexing ✅\n| Requirement | Test |\n|---|---|\n| Entity extraction from note content | `extract_all()` returns correct entities for known CVE, actor, tool, campaign, sector text |\n| Entity index p', '2': '✅ Entity-Guided Linking ✅\n| Requirement | Test |\n|---|---|\n| Link generator uses entity index for candidates | New note about actor links to existing actor notes |\n| Prioritized candidates include entit', '3': '✅ Date-Aware Retrieval ⚪\n| Requirement | Test |\n|---|---|\n| Supersedes tracking | Newer note on same entity marks older as superseded |\n| Retrieval excludes superseded notes | `recall()` filters out not', '4': '✅ Mid-Session Snapshot Refresh ⚪\n| Requirement | Test |\n|---|---|\n| Snapshot reflects recent saves | Calling `get_snapshot()` after `remember()` returns updated notes |\n| Fresh snapshot on recall | `rec', '5': '✅ Cold Archive ⚪\n| Requirement | Test |\n|---|---|\n| Low-confidence notes archived | Notes with confidence < 0.3 and access_count == 0 for > 30 days archived |\n| Archived notes excluded from active recal'}

Next action: ALL PHASES COMPLETE — PRD v1.1 fully commissioned
Memory Plan Review — 2026-03-31T21:30:01.563391
Tests: 33/33 passed
  All tests passing
Memory: 57 notes, 25 entities indexed

PRD: {'1': '✅ Entity Indexing ✅\n| Requirement | Test |\n|---|---|\n| Entity extraction from note content | `extract_all()` returns correct entities for known CVE, actor, tool, campaign, sector text |\n| Entity index p', '2': '✅ Entity-Guided Linking ✅\n| Requirement | Test |\n|---|---|\n| Link generator uses entity index for candidates | New note about actor links to existing actor notes |\n| Prioritized candidates include entit', '3': '✅ Date-Aware Retrieval ⚪\n| Requirement | Test |\n|---|---|\n| Supersedes tracking | Newer note on same entity marks older as superseded |\n| Retrieval excludes superseded notes | `recall()` filters out not', '4': '✅ Mid-Session Snapshot Refresh ⚪\n| Requirement | Test |\n|---|---|\n| Snapshot reflects recent saves | Calling `get_snapshot()` after `remember()` returns updated notes |\n| Fresh snapshot on recall | `rec', '5': '✅ Cold Archive ⚪\n| Requirement | Test |\n|---|---|\n| Low-confidence notes archived | Notes with confidence < 0.3 and access_count == 0 for > 30 days archived |\n| Archived notes excluded from active recal'}

Next action: ALL PHASES COMPLETE — PRD v1.1 fully commissioned
Memory Plan Review — 2026-03-31T22:00:01.694474
Tests: 33/33 passed
  All tests passing
Memory: 60 notes, 25 entities indexed

PRD: {'1': '✅ Entity Indexing ✅\n| Requirement | Test |\n|---|---|\n| Entity extraction from note content | `extract_all()` returns correct entities for known CVE, actor, tool, campaign, sector text |\n| Entity index p', '2': '✅ Entity-Guided Linking ✅\n| Requirement | Test |\n|---|---|\n| Link generator uses entity index for candidates | New note about actor links to existing actor notes |\n| Prioritized candidates include entit', '3': '✅ Date-Aware Retrieval ⚪\n| Requirement | Test |\n|---|---|\n| Supersedes tracking | Newer note on same entity marks older as superseded |\n| Retrieval excludes superseded notes | `recall()` filters out not', '4': '✅ Mid-Session Snapshot Refresh ⚪\n| Requirement | Test |\n|---|---|\n| Snapshot reflects recent saves | Calling `get_snapshot()` after `remember()` returns updated notes |\n| Fresh snapshot on recall | `rec', '5': '✅ Cold Archive ⚪\n| Requirement | Test |\n|---|---|\n| Low-confidence notes archived | Notes with confidence < 0.3 and access_count == 0 for > 30 days archived |\n| Archived notes excluded from active recal'}

Next action: ALL PHASES COMPLETE — PRD v1.1 fully commissioned
Memory Plan Review — 2026-03-31T22:30:01.456276
Tests: 0/0 passed
  All tests passing
Memory: 60 notes, 25 entities indexed
  Test error: Test suite timed out (>120s)

PRD: {'1': '⚪ Entity Indexing ✅\n| Requirement | Test |\n|---|---|\n| Entity extraction from note content | `extract_all()` returns correct entities for known CVE, actor, tool, campaign, sector text |\n| Entity index p', '2': '⚪ Entity-Guided Linking ✅\n| Requirement | Test |\n|---|---|\n| Link generator uses entity index for candidates | New note about actor links to existing actor notes |\n| Prioritized candidates include entit', '3': '⚪ Date-Aware Retrieval ⚪\n| Requirement | Test |\n|---|---|\n| Supersedes tracking | Newer note on same entity marks older as superseded |\n| Retrieval excludes superseded notes | `recall()` filters out not', '4': '⚪ Mid-Session Snapshot Refresh ⚪\n| Requirement | Test |\n|---|---|\n| Snapshot reflects recent saves | Calling `get_snapshot()` after `remember()` returns updated notes |\n| Fresh snapshot on recall | `rec', '5': '⚪ Cold Archive ⚪\n| Requirement | Test |\n|---|---|\n| Low-confidence notes archived | Notes with confidence < 0.3 and access_count == 0 for > 30 days archived |\n| Archived notes excluded from active recal'}

Next action: Tests failed — run test suite manually
Memory Plan Review — 2026-03-31T23:00:01.955706
Tests: 33/33 passed
  All tests passing
Memory: 60 notes, 25 entities indexed

PRD: {'1': '✅ Entity Indexing ✅\n| Requirement | Test |\n|---|---|\n| Entity extraction from note content | `extract_all()` returns correct entities for known CVE, actor, tool, campaign, sector text |\n| Entity index p', '2': '✅ Entity-Guided Linking ✅\n| Requirement | Test |\n|---|---|\n| Link generator uses entity index for candidates | New note about actor links to existing actor notes |\n| Prioritized candidates include entit', '3': '✅ Date-Aware Retrieval ⚪\n| Requirement | Test |\n|---|---|\n| Supersedes tracking | Newer note on same entity marks older as superseded |\n| Retrieval excludes superseded notes | `recall()` filters out not', '4': '✅ Mid-Session Snapshot Refresh ⚪\n| Requirement | Test |\n|---|---|\n| Snapshot reflects recent saves | Calling `get_snapshot()` after `remember()` returns updated notes |\n| Fresh snapshot on recall | `rec', '5': '✅ Cold Archive ⚪\n| Requirement | Test |\n|---|---|\n| Low-confidence notes archived | Notes with confidence < 0.3 and access_count == 0 for > 30 days archived |\n| Archived notes excluded from active recal'}

Next action: ALL PHASES COMPLETE — PRD v1.1 fully commissioned
Memory Plan Review — 2026-03-31T23:30:01.906118
Tests: 33/33 passed
  All tests passing
Memory: 60 notes, 25 entities indexed

PRD: {'1': '✅ Entity Indexing ✅\n| Requirement | Test |\n|---|---|\n| Entity extraction from note content | `extract_all()` returns correct entities for known CVE, actor, tool, campaign, sector text |\n| Entity index p', '2': '✅ Entity-Guided Linking ✅\n| Requirement | Test |\n|---|---|\n| Link generator uses entity index for candidates | New note about actor links to existing actor notes |\n| Prioritized candidates include entit', '3': '✅ Date-Aware Retrieval ⚪\n| Requirement | Test |\n|---|---|\n| Supersedes tracking | Newer note on same entity marks older as superseded |\n| Retrieval excludes superseded notes | `recall()` filters out not', '4': '✅ Mid-Session Snapshot Refresh ⚪\n| Requirement | Test |\n|---|---|\n| Snapshot reflects recent saves | Calling `get_snapshot()` after `remember()` returns updated notes |\n| Fresh snapshot on recall | `rec', '5': '✅ Cold Archive ⚪\n| Requirement | Test |\n|---|---|\n| Low-confidence notes archived | Notes with confidence < 0.3 and access_count == 0 for > 30 days archived |\n| Archived notes excluded from active recal'}

Next action: ALL PHASES COMPLETE — PRD v1.1 fully commissioned
Memory Plan Review — 2026-04-01T00:00:01.916592
Tests: 33/33 passed
  All tests passing
Memory: 60 notes, 25 entities indexed

PRD: {'1': '✅ Entity Indexing ✅\n| Requirement | Test |\n|---|---|\n| Entity extraction from note content | `extract_all()` returns correct entities for known CVE, actor, tool, campaign, sector text |\n| Entity index p', '2': '✅ Entity-Guided Linking ✅\n| Requirement | Test |\n|---|---|\n| Link generator uses entity index for candidates | New note about actor links to existing actor notes |\n| Prioritized candidates include entit', '3': '✅ Date-Aware Retrieval ⚪\n| Requirement | Test |\n|---|---|\n| Supersedes tracking | Newer note on same entity marks older as superseded |\n| Retrieval excludes superseded notes | `recall()` filters out not', '4': '✅ Mid-Session Snapshot Refresh ⚪\n| Requirement | Test |\n|---|---|\n| Snapshot reflects recent saves | Calling `get_snapshot()` after `remember()` returns updated notes |\n| Fresh snapshot on recall | `rec', '5': '✅ Cold Archive ⚪\n| Requirement | Test |\n|---|---|\n| Low-confidence notes archived | Notes with confidence < 0.3 and access_count == 0 for > 30 days archived |\n| Archived notes excluded from active recal'}

Next action: ALL PHASES COMPLETE — PRD v1.1 fully commissioned
Memory Plan Review — 2026-04-01T00:30:01.984905
Tests: 33/33 passed
  All tests passing
Memory: 60 notes, 25 entities indexed

PRD: {'1': '✅ Entity Indexing ✅\n| Requirement | Test |\n|---|---|\n| Entity extraction from note content | `extract_all()` returns correct entities for known CVE, actor, tool, campaign, sector text |\n| Entity index p', '2': '✅ Entity-Guided Linking ✅\n| Requirement | Test |\n|---|---|\n| Link generator uses entity index for candidates | New note about actor links to existing actor notes |\n| Prioritized candidates include entit', '3': '✅ Date-Aware Retrieval ⚪\n| Requirement | Test |\n|---|---|\n| Supersedes tracking | Newer note on same entity marks older as superseded |\n| Retrieval excludes superseded notes | `recall()` filters out not', '4': '✅ Mid-Session Snapshot Refresh ⚪\n| Requirement | Test |\n|---|---|\n| Snapshot reflects recent saves | Calling `get_snapshot()` after `remember()` returns updated notes |\n| Fresh snapshot on recall | `rec', '5': '✅ Cold Archive ⚪\n| Requirement | Test |\n|---|---|\n| Low-confidence notes archived | Notes with confidence < 0.3 and access_count == 0 for > 30 days archived |\n| Archived notes excluded from active recal'}

Next action: ALL PHASES COMPLETE — PRD v1.1 fully commissioned
Memory Plan Review — 2026-04-01T01:00:01.046927
Tests: 33/33 passed
  All tests passing
Memory: 60 notes, 25 entities indexed

PRD: {'1': '✅ Entity Indexing ✅\n| Requirement | Test |\n|---|---|\n| Entity extraction from note content | `extract_all()` returns correct entities for known CVE, actor, tool, campaign, sector text |\n| Entity index p', '2': '✅ Entity-Guided Linking ✅\n| Requirement | Test |\n|---|---|\n| Link generator uses entity index for candidates | New note about actor links to existing actor notes |\n| Prioritized candidates include entit', '3': '✅ Date-Aware Retrieval ⚪\n| Requirement | Test |\n|---|---|\n| Supersedes tracking | Newer note on same entity marks older as superseded |\n| Retrieval excludes superseded notes | `recall()` filters out not', '4': '✅ Mid-Session Snapshot Refresh ⚪\n| Requirement | Test |\n|---|---|\n| Snapshot reflects recent saves | Calling `get_snapshot()` after `remember()` returns updated notes |\n| Fresh snapshot on recall | `rec', '5': '✅ Cold Archive ⚪\n| Requirement | Test |\n|---|---|\n| Low-confidence notes archived | Notes with confidence < 0.3 and access_count == 0 for > 30 days archived |\n| Archived notes excluded from active recal'}

Next action: ALL PHASES COMPLETE — PRD v1.1 fully commissioned
Memory Plan Review — 2026-04-01T01:30:01.962042
Tests: 33/33 passed
  All tests passing
Memory: 60 notes, 25 entities indexed

PRD: {'1': '✅ Entity Indexing ✅\n| Requirement | Test |\n|---|---|\n| Entity extraction from note content | `extract_all()` returns correct entities for known CVE, actor, tool, campaign, sector text |\n| Entity index p', '2': '✅ Entity-Guided Linking ✅\n| Requirement | Test |\n|---|---|\n| Link generator uses entity index for candidates | New note about actor links to existing actor notes |\n| Prioritized candidates include entit', '3': '✅ Date-Aware Retrieval ⚪\n| Requirement | Test |\n|---|---|\n| Supersedes tracking | Newer note on same entity marks older as superseded |\n| Retrieval excludes superseded notes | `recall()` filters out not', '4': '✅ Mid-Session Snapshot Refresh ⚪\n| Requirement | Test |\n|---|---|\n| Snapshot reflects recent saves | Calling `get_snapshot()` after `remember()` returns updated notes |\n| Fresh snapshot on recall | `rec', '5': '✅ Cold Archive ⚪\n| Requirement | Test |\n|---|---|\n| Low-confidence notes archived | Notes with confidence < 0.3 and access_count == 0 for > 30 days archived |\n| Archived notes excluded from active recal'}

Next action: ALL PHASES COMPLETE — PRD v1.1 fully commissioned
Memory Plan Review — 2026-04-01T02:00:01.598444
Tests: 33/33 passed
  All tests passing
Memory: 60 notes, 25 entities indexed

PRD: {'1': '✅ Entity Indexing ✅\n| Requirement | Test |\n|---|---|\n| Entity extraction from note content | `extract_all()` returns correct entities for known CVE, actor, tool, campaign, sector text |\n| Entity index p', '2': '✅ Entity-Guided Linking ✅\n| Requirement | Test |\n|---|---|\n| Link generator uses entity index for candidates | New note about actor links to existing actor notes |\n| Prioritized candidates include entit', '3': '✅ Date-Aware Retrieval ⚪\n| Requirement | Test |\n|---|---|\n| Supersedes tracking | Newer note on same entity marks older as superseded |\n| Retrieval excludes superseded notes | `recall()` filters out not', '4': '✅ Mid-Session Snapshot Refresh ⚪\n| Requirement | Test |\n|---|---|\n| Snapshot reflects recent saves | Calling `get_snapshot()` after `remember()` returns updated notes |\n| Fresh snapshot on recall | `rec', '5': '✅ Cold Archive ⚪\n| Requirement | Test |\n|---|---|\n| Low-confidence notes archived | Notes with confidence < 0.3 and access_count == 0 for > 30 days archived |\n| Archived notes excluded from active recal'}

Next action: ALL PHASES COMPLETE — PRD v1.1 fully commissioned
Memory Plan Review — 2026-04-01T02:30:01.844837
Tests: 33/33 passed
  All tests passing
Memory: 60 notes, 25 entities indexed

PRD: {'1': '✅ Entity Indexing ✅\n| Requirement | Test |\n|---|---|\n| Entity extraction from note content | `extract_all()` returns correct entities for known CVE, actor, tool, campaign, sector text |\n| Entity index p', '2': '✅ Entity-Guided Linking ✅\n| Requirement | Test |\n|---|---|\n| Link generator uses entity index for candidates | New note about actor links to existing actor notes |\n| Prioritized candidates include entit', '3': '✅ Date-Aware Retrieval ⚪\n| Requirement | Test |\n|---|---|\n| Supersedes tracking | Newer note on same entity marks older as superseded |\n| Retrieval excludes superseded notes | `recall()` filters out not', '4': '✅ Mid-Session Snapshot Refresh ⚪\n| Requirement | Test |\n|---|---|\n| Snapshot reflects recent saves | Calling `get_snapshot()` after `remember()` returns updated notes |\n| Fresh snapshot on recall | `rec', '5': '✅ Cold Archive ⚪\n| Requirement | Test |\n|---|---|\n| Low-confidence notes archived | Notes with confidence < 0.3 and access_count == 0 for > 30 days archived |\n| Archived notes excluded from active recal'}

Next action: ALL PHASES COMPLETE — PRD v1.1 fully commissioned
Memory Plan Review — 2026-04-01T03:00:01.885953
Tests: 33/33 passed
  All tests passing
Memory: 60 notes, 25 entities indexed

PRD: {'1': '✅ Entity Indexing ✅\n| Requirement | Test |\n|---|---|\n| Entity extraction from note content | `extract_all()` returns correct entities for known CVE, actor, tool, campaign, sector text |\n| Entity index p', '2': '✅ Entity-Guided Linking ✅\n| Requirement | Test |\n|---|---|\n| Link generator uses entity index for candidates | New note about actor links to existing actor notes |\n| Prioritized candidates include entit', '3': '✅ Date-Aware Retrieval ⚪\n| Requirement | Test |\n|---|---|\n| Supersedes tracking | Newer note on same entity marks older as superseded |\n| Retrieval excludes superseded notes | `recall()` filters out not', '4': '✅ Mid-Session Snapshot Refresh ⚪\n| Requirement | Test |\n|---|---|\n| Snapshot reflects recent saves | Calling `get_snapshot()` after `remember()` returns updated notes |\n| Fresh snapshot on recall | `rec', '5': '✅ Cold Archive ⚪\n| Requirement | Test |\n|---|---|\n| Low-confidence notes archived | Notes with confidence < 0.3 and access_count == 0 for > 30 days archived |\n| Archived notes excluded from active recal'}

Next action: ALL PHASES COMPLETE — PRD v1.1 fully commissioned
Memory Plan Review — 2026-04-01T03:30:01.242245
Tests: 33/33 passed
  All tests passing
Memory: 60 notes, 25 entities indexed

PRD: {'1': '✅ Entity Indexing ✅\n| Requirement | Test |\n|---|---|\n| Entity extraction from note content | `extract_all()` returns correct entities for known CVE, actor, tool, campaign, sector text |\n| Entity index p', '2': '✅ Entity-Guided Linking ✅\n| Requirement | Test |\n|---|---|\n| Link generator uses entity index for candidates | New note about actor links to existing actor notes |\n| Prioritized candidates include entit', '3': '✅ Date-Aware Retrieval ⚪\n| Requirement | Test |\n|---|---|\n| Supersedes tracking | Newer note on same entity marks older as superseded |\n| Retrieval excludes superseded notes | `recall()` filters out not', '4': '✅ Mid-Session Snapshot Refresh ⚪\n| Requirement | Test |\n|---|---|\n| Snapshot reflects recent saves | Calling `get_snapshot()` after `remember()` returns updated notes |\n| Fresh snapshot on recall | `rec', '5': '✅ Cold Archive ⚪\n| Requirement | Test |\n|---|---|\n| Low-confidence notes archived | Notes with confidence < 0.3 and access_count == 0 for > 30 days archived |\n| Archived notes excluded from active recal'}

Next action: ALL PHASES COMPLETE — PRD v1.1 fully commissioned
Memory Plan Review — 2026-04-01T04:00:01.216690
Tests: 33/33 passed
  All tests passing
Memory: 60 notes, 25 entities indexed

PRD: {'1': '✅ Entity Indexing ✅\n| Requirement | Test |\n|---|---|\n| Entity extraction from note content | `extract_all()` returns correct entities for known CVE, actor, tool, campaign, sector text |\n| Entity index p', '2': '✅ Entity-Guided Linking ✅\n| Requirement | Test |\n|---|---|\n| Link generator uses entity index for candidates | New note about actor links to existing actor notes |\n| Prioritized candidates include entit', '3': '✅ Date-Aware Retrieval ⚪\n| Requirement | Test |\n|---|---|\n| Supersedes tracking | Newer note on same entity marks older as superseded |\n| Retrieval excludes superseded notes | `recall()` filters out not', '4': '✅ Mid-Session Snapshot Refresh ⚪\n| Requirement | Test |\n|---|---|\n| Snapshot reflects recent saves | Calling `get_snapshot()` after `remember()` returns updated notes |\n| Fresh snapshot on recall | `rec', '5': '✅ Cold Archive ⚪\n| Requirement | Test |\n|---|---|\n| Low-confidence notes archived | Notes with confidence < 0.3 and access_count == 0 for > 30 days archived |\n| Archived notes excluded from active recal'}

Next action: ALL PHASES COMPLETE — PRD v1.1 fully commissioned
Memory Plan Review — 2026-04-01T04:30:01.232386
Tests: 33/33 passed
  All tests passing
Memory: 60 notes, 25 entities indexed

PRD: {'1': '✅ Entity Indexing ✅\n| Requirement | Test |\n|---|---|\n| Entity extraction from note content | `extract_all()` returns correct entities for known CVE, actor, tool, campaign, sector text |\n| Entity index p', '2': '✅ Entity-Guided Linking ✅\n| Requirement | Test |\n|---|---|\n| Link generator uses entity index for candidates | New note about actor links to existing actor notes |\n| Prioritized candidates include entit', '3': '✅ Date-Aware Retrieval ⚪\n| Requirement | Test |\n|---|---|\n| Supersedes tracking | Newer note on same entity marks older as superseded |\n| Retrieval excludes superseded notes | `recall()` filters out not', '4': '✅ Mid-Session Snapshot Refresh ⚪\n| Requirement | Test |\n|---|---|\n| Snapshot reflects recent saves | Calling `get_snapshot()` after `remember()` returns updated notes |\n| Fresh snapshot on recall | `rec', '5': '✅ Cold Archive ⚪\n| Requirement | Test |\n|---|---|\n| Low-confidence notes archived | Notes with confidence < 0.3 and access_count == 0 for > 30 days archived |\n| Archived notes excluded from active recal'}

Next action: ALL PHASES COMPLETE — PRD v1.1 fully commissioned
Memory Plan Review — 2026-04-01T05:00:01.397108
Tests: 33/33 passed
  All tests passing
Memory: 60 notes, 25 entities indexed

PRD: {'1': '✅ Entity Indexing ✅\n| Requirement | Test |\n|---|---|\n| Entity extraction from note content | `extract_all()` returns correct entities for known CVE, actor, tool, campaign, sector text |\n| Entity index p', '2': '✅ Entity-Guided Linking ✅\n| Requirement | Test |\n|---|---|\n| Link generator uses entity index for candidates | New note about actor links to existing actor notes |\n| Prioritized candidates include entit', '3': '✅ Date-Aware Retrieval ⚪\n| Requirement | Test |\n|---|---|\n| Supersedes tracking | Newer note on same entity marks older as superseded |\n| Retrieval excludes superseded notes | `recall()` filters out not', '4': '✅ Mid-Session Snapshot Refresh ⚪\n| Requirement | Test |\n|---|---|\n| Snapshot reflects recent saves | Calling `get_snapshot()` after `remember()` returns updated notes |\n| Fresh snapshot on recall | `rec', '5': '✅ Cold Archive ⚪\n| Requirement | Test |\n|---|---|\n| Low-confidence notes archived | Notes with confidence < 0.3 and access_count == 0 for > 30 days archived |\n| Archived notes excluded from active recal'}

Next action: ALL PHASES COMPLETE — PRD v1.1 fully commissioned
Memory Plan Review — 2026-04-01T05:30:01.572930
Tests: 33/33 passed
  All tests passing
Memory: 60 notes, 25 entities indexed

PRD: {'1': '✅ Entity Indexing ✅\n| Requirement | Test |\n|---|---|\n| Entity extraction from note content | `extract_all()` returns correct entities for known CVE, actor, tool, campaign, sector text |\n| Entity index p', '2': '✅ Entity-Guided Linking ✅\n| Requirement | Test |\n|---|---|\n| Link generator uses entity index for candidates | New note about actor links to existing actor notes |\n| Prioritized candidates include entit', '3': '✅ Date-Aware Retrieval ⚪\n| Requirement | Test |\n|---|---|\n| Supersedes tracking | Newer note on same entity marks older as superseded |\n| Retrieval excludes superseded notes | `recall()` filters out not', '4': '✅ Mid-Session Snapshot Refresh ⚪\n| Requirement | Test |\n|---|---|\n| Snapshot reflects recent saves | Calling `get_snapshot()` after `remember()` returns updated notes |\n| Fresh snapshot on recall | `rec', '5': '✅ Cold Archive ⚪\n| Requirement | Test |\n|---|---|\n| Low-confidence notes archived | Notes with confidence < 0.3 and access_count == 0 for > 30 days archived |\n| Archived notes excluded from active recal'}

Next action: ALL PHASES COMPLETE — PRD v1.1 fully commissioned
Memory Plan Review — 2026-04-01T06:00:01.723861
Tests: 33/33 passed
  All tests passing
Memory: 60 notes, 25 entities indexed

PRD: {'1': '✅ Entity Indexing ✅\n| Requirement | Test |\n|---|---|\n| Entity extraction from note content | `extract_all()` returns correct entities for known CVE, actor, tool, campaign, sector text |\n| Entity index p', '2': '✅ Entity-Guided Linking ✅\n| Requirement | Test |\n|---|---|\n| Link generator uses entity index for candidates | New note about actor links to existing actor notes |\n| Prioritized candidates include entit', '3': '✅ Date-Aware Retrieval ⚪\n| Requirement | Test |\n|---|---|\n| Supersedes tracking | Newer note on same entity marks older as superseded |\n| Retrieval excludes superseded notes | `recall()` filters out not', '4': '✅ Mid-Session Snapshot Refresh ⚪\n| Requirement | Test |\n|---|---|\n| Snapshot reflects recent saves | Calling `get_snapshot()` after `remember()` returns updated notes |\n| Fresh snapshot on recall | `rec', '5': '✅ Cold Archive ⚪\n| Requirement | Test |\n|---|---|\n| Low-confidence notes archived | Notes with confidence < 0.3 and access_count == 0 for > 30 days archived |\n| Archived notes excluded from active recal'}

Next action: ALL PHASES COMPLETE — PRD v1.1 fully commissioned
Memory Plan Review — 2026-04-01T06:30:01.583729
Tests: 33/33 passed
  All tests passing
Memory: 60 notes, 25 entities indexed

PRD: {'1': '✅ Entity Indexing ✅\n| Requirement | Test |\n|---|---|\n| Entity extraction from note content | `extract_all()` returns correct entities for known CVE, actor, tool, campaign, sector text |\n| Entity index p', '2': '✅ Entity-Guided Linking ✅\n| Requirement | Test |\n|---|---|\n| Link generator uses entity index for candidates | New note about actor links to existing actor notes |\n| Prioritized candidates include entit', '3': '✅ Date-Aware Retrieval ⚪\n| Requirement | Test |\n|---|---|\n| Supersedes tracking | Newer note on same entity marks older as superseded |\n| Retrieval excludes superseded notes | `recall()` filters out not', '4': '✅ Mid-Session Snapshot Refresh ⚪\n| Requirement | Test |\n|---|---|\n| Snapshot reflects recent saves | Calling `get_snapshot()` after `remember()` returns updated notes |\n| Fresh snapshot on recall | `rec', '5': '✅ Cold Archive ⚪\n| Requirement | Test |\n|---|---|\n| Low-confidence notes archived | Notes with confidence < 0.3 and access_count == 0 for > 30 days archived |\n| Archived notes excluded from active recal'}

Next action: ALL PHASES COMPLETE — PRD v1.1 fully commissioned
Memory Plan Review — 2026-04-01T07:00:01.530904
Tests: 33/33 passed
  All tests passing
Memory: 60 notes, 25 entities indexed

PRD: {'1': '✅ Entity Indexing ✅\n| Requirement | Test |\n|---|---|\n| Entity extraction from note content | `extract_all()` returns correct entities for known CVE, actor, tool, campaign, sector text |\n| Entity index p', '2': '✅ Entity-Guided Linking ✅\n| Requirement | Test |\n|---|---|\n| Link generator uses entity index for candidates | New note about actor links to existing actor notes |\n| Prioritized candidates include entit', '3': '✅ Date-Aware Retrieval ⚪\n| Requirement | Test |\n|---|---|\n| Supersedes tracking | Newer note on same entity marks older as superseded |\n| Retrieval excludes superseded notes | `recall()` filters out not', '4': '✅ Mid-Session Snapshot Refresh ⚪\n| Requirement | Test |\n|---|---|\n| Snapshot reflects recent saves | Calling `get_snapshot()` after `remember()` returns updated notes |\n| Fresh snapshot on recall | `rec', '5': '✅ Cold Archive ⚪\n| Requirement | Test |\n|---|---|\n| Low-confidence notes archived | Notes with confidence < 0.3 and access_count == 0 for > 30 days archived |\n| Archived notes excluded from active recal'}

Next action: ALL PHASES COMPLETE — PRD v1.1 fully commissioned
Memory Plan Review — 2026-04-01T07:30:01.799856
Tests: 33/33 passed
  All tests passing
Memory: 60 notes, 25 entities indexed

PRD: {'1': '✅ Entity Indexing ✅\n| Requirement | Test |\n|---|---|\n| Entity extraction from note content | `extract_all()` returns correct entities for known CVE, actor, tool, campaign, sector text |\n| Entity index p', '2': '✅ Entity-Guided Linking ✅\n| Requirement | Test |\n|---|---|\n| Link generator uses entity index for candidates | New note about actor links to existing actor notes |\n| Prioritized candidates include entit', '3': '✅ Date-Aware Retrieval ⚪\n| Requirement | Test |\n|---|---|\n| Supersedes tracking | Newer note on same entity marks older as superseded |\n| Retrieval excludes superseded notes | `recall()` filters out not', '4': '✅ Mid-Session Snapshot Refresh ⚪\n| Requirement | Test |\n|---|---|\n| Snapshot reflects recent saves | Calling `get_snapshot()` after `remember()` returns updated notes |\n| Fresh snapshot on recall | `rec', '5': '✅ Cold Archive ⚪\n| Requirement | Test |\n|---|---|\n| Low-confidence notes archived | Notes with confidence < 0.3 and access_count == 0 for > 30 days archived |\n| Archived notes excluded from active recal'}

Next action: ALL PHASES COMPLETE — PRD v1.1 fully commissioned
Memory Plan Review — 2026-04-01T08:00:01.749097
Tests: 33/33 passed
  All tests passing
Memory: 60 notes, 25 entities indexed

PRD: {'1': '✅ Entity Indexing ✅\n| Requirement | Test |\n|---|---|\n| Entity extraction from note content | `extract_all()` returns correct entities for known CVE, actor, tool, campaign, sector text |\n| Entity index p', '2': '✅ Entity-Guided Linking ✅\n| Requirement | Test |\n|---|---|\n| Link generator uses entity index for candidates | New note about actor links to existing actor notes |\n| Prioritized candidates include entit', '3': '✅ Date-Aware Retrieval ⚪\n| Requirement | Test |\n|---|---|\n| Supersedes tracking | Newer note on same entity marks older as superseded |\n| Retrieval excludes superseded notes | `recall()` filters out not', '4': '✅ Mid-Session Snapshot Refresh ⚪\n| Requirement | Test |\n|---|---|\n| Snapshot reflects recent saves | Calling `get_snapshot()` after `remember()` returns updated notes |\n| Fresh snapshot on recall | `rec', '5': '✅ Cold Archive ⚪\n| Requirement | Test |\n|---|---|\n| Low-confidence notes archived | Notes with confidence < 0.3 and access_count == 0 for > 30 days archived |\n| Archived notes excluded from active recal'}

Next action: ALL PHASES COMPLETE — PRD v1.1 fully commissioned
